  main.cpp
c:\users\bachp2\documents\visual studio 2015\projects\fem_solver\fem_solver\entities.h(19): warning C4244: '=': conversion from 'int' to 'float', possible loss of data
c:\users\bachp2\documents\visual studio 2015\projects\fem_solver\fem_solver\entities.h(20): warning C4244: '=': conversion from 'int' to 'float', possible loss of data
c:\users\bachp2\documents\visual studio 2015\projects\fem_solver\fem_solver\entities.h(33): warning C4244: '=': conversion from 'int' to 'float', possible loss of data
c:\users\bachp2\documents\visual studio 2015\projects\fem_solver\fem_solver\entities.h(34): warning C4244: '=': conversion from 'int' to 'float', possible loss of data
c:\users\bachp2\documents\visual studio 2015\projects\fem_solver\fem_solver\entities.h(49): warning C4244: 'initializing': conversion from 'int' to 'Entity::real', possible loss of data
c:\users\bachp2\documents\visual studio 2015\projects\fem_solver\fem_solver\entities.h(50): warning C4244: '=': conversion from 'float' to 'int', possible loss of data
c:\users\bachp2\documents\visual studio 2015\projects\fem_solver\fem_solver\entities.h(51): warning C4244: '=': conversion from 'float' to 'int', possible loss of data
c:\users\bachp2\documents\visual studio 2015\projects\fem_solver\fem_solver\entities.h(52): warning C4244: '=': conversion from 'Entity::real' to 'int', possible loss of data
c:\users\bachp2\documents\visual studio 2015\projects\fem_solver\fem_solver\entities.h(53): warning C4244: '=': conversion from 'Entity::real' to 'int', possible loss of data
c:\users\bachp2\documents\visual studio 2015\projects\fem_solver\fem_solver\entities.h(56): warning C4244: '=': conversion from 'int' to 'float', possible loss of data
c:\users\bachp2\documents\visual studio 2015\projects\fem_solver\fem_solver\entities.h(57): warning C4244: '=': conversion from 'int' to 'float', possible loss of data
c:\users\bachp2\documents\visual studio 2015\projects\fem_solver\fem_solver\entities.h(58): warning C4244: '=': conversion from 'float' to 'int', possible loss of data
c:\users\bachp2\documents\visual studio 2015\projects\fem_solver\fem_solver\entities.h(59): warning C4244: '=': conversion from 'float' to 'int', possible loss of data
c:\users\bachp2\documents\visual studio 2015\projects\fem_solver\fem_solver\entities.h(60): warning C4244: '=': conversion from 'Entity::real' to 'int', possible loss of data
c:\users\bachp2\documents\visual studio 2015\projects\fem_solver\fem_solver\entities.h(61): warning C4244: '=': conversion from 'Entity::real' to 'int', possible loss of data
c:\users\bachp2\documents\visual studio 2015\projects\fem_solver\fem_solver\utils.h(54): warning C4244: 'argument': conversion from 'float' to 'int', possible loss of data
c:\users\bachp2\documents\visual studio 2015\projects\fem_solver\fem_solver\textbuffer.h(124): warning C4018: '<': signed/unsigned mismatch
c:\users\bachp2\documents\visual studio 2015\projects\fem_solver\fem_solver\caret.h(52): warning C4018: '>=': signed/unsigned mismatch
c:\users\bachp2\documents\visual studio 2015\projects\fem_solver\fem_solver\window_manager.h(79): warning C4244: 'argument': conversion from 'float' to 'int', possible loss of data
c:\users\bachp2\documents\visual studio 2015\projects\fem_solver\fem_solver\main.cpp(39): warning C4244: 'argument': conversion from 'double' to 'const float', possible loss of data
  FEM_Solver.vcxproj -> C:\Users\bachp2\documents\visual studio 2015\Projects\FEM_Solver\Debug\FEM_Solver.exe
  FEM_Solver.vcxproj -> C:\Users\bachp2\documents\visual studio 2015\Projects\FEM_Solver\Debug\FEM_Solver.pdb (Partial PDB)
